<?xml version="1.0" encoding="UTF-8"?>
<!-- Generated by org.testng.reporters.JUnitReportReporter -->
<testsuite skipped="0" hostname="hp" name="niveus.afya.testsript.LoginTest" tests="1" failures="0" timestamp="2020-08-01T16:08:17 IST" time="4.663" errors="0">
  <testcase name="loginPageTest" time="4.663" classname="niveus.afya.testsript.LoginTest"/>
</testsuite> <!-- niveus.afya.testsript.LoginTest -->
