<?xml version="1.0" encoding="UTF-8"?>
<!-- Generated by org.testng.reporters.JUnitReportReporter -->
<testsuite skipped="0" hostname="hp" name="niveus.afya.testsript.AddNewPatient" tests="1" failures="0" timestamp="2020-08-04T17:34:15 IST" time="67.871" errors="0">
  <testcase name="addNewPatientTest" time="67.871" classname="niveus.afya.testsript.AddNewPatient"/>
</testsuite> <!-- niveus.afya.testsript.AddNewPatient -->
