<?xml version="1.0" encoding="UTF-8"?>
<!-- Generated by org.testng.reporters.JUnitReportReporter -->
<testsuite skipped="0" hostname="hp" name="niveus.afya.testsript.Profiletest" tests="1" failures="0" timestamp="2020-07-25T18:22:25 IST" time="213.869" errors="0">
  <testcase name="editeProfileTest" time="213.869" classname="niveus.afya.testsript.Profiletest"/>
</testsuite> <!-- niveus.afya.testsript.Profiletest -->
