<?xml version="1.0" encoding="UTF-8"?>
<!-- Generated by org.testng.reporters.JUnitReportReporter -->
<testsuite skipped="0" hostname="hp" name="niveus.afya.testsript.Sample" tests="1" failures="0" timestamp="2020-07-16T18:33:56 IST" time="1.548" errors="0">
  <testcase name="getExcelData" time="1.548" classname="niveus.afya.testsript.Sample"/>
</testsuite> <!-- niveus.afya.testsript.Sample -->
