<?xml version="1.0" encoding="UTF-8"?>
<!-- Generated by org.testng.reporters.JUnitReportReporter -->
<testsuite skipped="0" hostname="hp" name="niveus.afya.testsript.FilterTest" tests="1" failures="0" timestamp="2020-08-01T16:08:17 IST" time="47.240" errors="0">
  <testcase name="filterValidationTest" time="47.240" classname="niveus.afya.testsript.FilterTest"/>
</testsuite> <!-- niveus.afya.testsript.FilterTest -->
