<?xml version="1.0" encoding="UTF-8"?>
<!-- Generated by org.testng.reporters.JUnitReportReporter -->
<testsuite skipped="0" hostname="hp" name="niveus.afya.testsript.ProfileUpadateTest" tests="1" failures="0" timestamp="2020-08-01T16:16:53 IST" time="20.908" errors="0">
  <testcase name="updateProfileInformation" time="20.908" classname="niveus.afya.testsript.ProfileUpadateTest"/>
</testsuite> <!-- niveus.afya.testsript.ProfileUpadateTest -->
